INFO 2019-06-12 18:34:04,838 autoreload 576 Watching for file changes with StatReloader
INFO 2019-06-12 18:34:25,586 autoreload 203 /home/pyvip/code/mysite/mysite/settings.py changed, reloading.
INFO 2019-06-12 18:34:26,663 autoreload 576 Watching for file changes with StatReloader
INFO 2019-06-12 18:35:18,700 autoreload 203 /home/pyvip/code/mysite/mysite/settings.py changed, reloading.
INFO 2019-08-16 01:51:54,298 basehttp 154 "GET /news HTTP/1.1" 301 0
ERROR 2019-08-16 01:51:54,756 log 228 Internal Server Error: /news/
Traceback (most recent call last):
  File "/usr/local/lib/python3.6/dist-packages/django/core/handlers/exception.py", line 34, in inner
    response = get_response(request)
  File "/usr/local/lib/python3.6/dist-packages/django/core/handlers/base.py", line 126, in _get_response
    response = self.process_exception_by_middleware(e, request)
  File "/usr/local/lib/python3.6/dist-packages/django/core/handlers/base.py", line 124, in _get_response
    response = wrapped_callback(request, *callback_args, **callback_kwargs)
  File "/usr/local/lib/python3.6/dist-packages/django/views/generic/base.py", line 68, in view
    return self.dispatch(request, *args, **kwargs)
  File "/usr/local/lib/python3.6/dist-packages/django/views/generic/base.py", line 88, in dispatch
    return handler(request, *args, **kwargs)
  File "/home/pyvip/code/mysite/apps/news/views.py", line 54, in get
    news = news_queryset.filter(is_delete=False, tag_id=tag_id) or news_queryset.filter(is_delete=False)
  File "/usr/local/lib/python3.6/dist-packages/django/db/models/query.py", line 844, in filter
    return self._filter_or_exclude(False, *args, **kwargs)
  File "/usr/local/lib/python3.6/dist-packages/django/db/models/query.py", line 862, in _filter_or_exclude
    clone.query.add_q(Q(*args, **kwargs))
  File "/usr/local/lib/python3.6/dist-packages/django/db/models/sql/query.py", line 1263, in add_q
    clause, _ = self._add_q(q_object, self.used_aliases)
  File "/usr/local/lib/python3.6/dist-packages/django/db/models/sql/query.py", line 1287, in _add_q
    split_subq=split_subq,
  File "/usr/local/lib/python3.6/dist-packages/django/db/models/sql/query.py", line 1164, in build_filter
    lookups, parts, reffed_expression = self.solve_lookup_type(arg)
  File "/usr/local/lib/python3.6/dist-packages/django/db/models/sql/query.py", line 1028, in solve_lookup_type
    _, field, _, lookup_parts = self.names_to_path(lookup_splitted, self.get_meta())
  File "/usr/local/lib/python3.6/dist-packages/django/db/models/sql/query.py", line 1389, in names_to_path
    "Choices are: %s" % (name, ", ".join(available)))
django.core.exceptions.FieldError: Cannot resolve keyword 'is_delete' into field. Choices are: author, author, author_id, banner, clicks, comments, content, create_time, digest, hotnews, id, image_url, is_deleted, tag, tag_id, tag_name, title, update_time
ERROR 2019-08-16 01:51:54,990 basehttp 154 "GET /news/ HTTP/1.1" 500 138529
WARNING 2019-08-16 01:51:57,191 log 228 Not Found: /favicon.ico
WARNING 2019-08-16 01:51:57,193 basehttp 154 "GET /favicon.ico HTTP/1.1" 404 3192
ERROR 2019-08-16 01:52:15,924 log 228 Internal Server Error: /
Traceback (most recent call last):
  File "/usr/local/lib/python3.6/dist-packages/django/core/handlers/exception.py", line 34, in inner
    response = get_response(request)
  File "/usr/local/lib/python3.6/dist-packages/django/core/handlers/base.py", line 126, in _get_response
    response = self.process_exception_by_middleware(e, request)
  File "/usr/local/lib/python3.6/dist-packages/django/core/handlers/base.py", line 124, in _get_response
    response = wrapped_callback(request, *callback_args, **callback_kwargs)
  File "/home/pyvip/code/mysite/apps/news/views.py", line 22, in index
    tags = Tag.objects.only('id', 'name').filter(is_delete=False)
  File "/usr/local/lib/python3.6/dist-packages/django/db/models/query.py", line 844, in filter
    return self._filter_or_exclude(False, *args, **kwargs)
  File "/usr/local/lib/python3.6/dist-packages/django/db/models/query.py", line 862, in _filter_or_exclude
    clone.query.add_q(Q(*args, **kwargs))
  File "/usr/local/lib/python3.6/dist-packages/django/db/models/sql/query.py", line 1263, in add_q
    clause, _ = self._add_q(q_object, self.used_aliases)
  File "/usr/local/lib/python3.6/dist-packages/django/db/models/sql/query.py", line 1287, in _add_q
    split_subq=split_subq,
  File "/usr/local/lib/python3.6/dist-packages/django/db/models/sql/query.py", line 1164, in build_filter
    lookups, parts, reffed_expression = self.solve_lookup_type(arg)
  File "/usr/local/lib/python3.6/dist-packages/django/db/models/sql/query.py", line 1028, in solve_lookup_type
    _, field, _, lookup_parts = self.names_to_path(lookup_splitted, self.get_meta())
  File "/usr/local/lib/python3.6/dist-packages/django/db/models/sql/query.py", line 1389, in names_to_path
    "Choices are: %s" % (name, ", ".join(available)))
django.core.exceptions.FieldError: Cannot resolve keyword 'is_delete' into field. Choices are: create_time, id, is_deleted, name, news, update_time
ERROR 2019-08-16 01:52:15,930 basehttp 154 "GET / HTTP/1.1" 500 98488
INFO 2019-08-16 01:52:35,609 basehttp 154 "GET / HTTP/1.1" 200 11553
INFO 2019-08-16 01:52:35,755 basehttp 154 "GET /static/css/base/reset.css HTTP/1.1" 200 1427
INFO 2019-08-16 01:52:35,756 basehttp 154 "GET /static/css/base/common.css HTTP/1.1" 200 3498
INFO 2019-08-16 01:52:35,760 basehttp 154 "GET /static/css/base/side.css HTTP/1.1" 200 4429
INFO 2019-08-16 01:52:35,871 basehttp 154 "GET /static/css/news/index.css HTTP/1.1" 200 5500
INFO 2019-08-16 01:52:35,960 basehttp 154 "GET /static/js/news/index.js HTTP/1.1" 200 4540
INFO 2019-08-16 01:52:35,965 basehttp 154 "GET /static/js/base/message.js HTTP/1.1" 200 3570
INFO 2019-08-16 01:52:35,965 basehttp 154 "GET /static/js/commons.js HTTP/1.1" 200 1227
INFO 2019-08-16 01:52:36,059 basehttp 154 "GET /static/images/ui.png HTTP/1.1" 200 108619
INFO 2019-08-16 01:52:36,173 basehttp 154 "GET /static/images/python_gui.jpg HTTP/1.1" 200 24129
INFO 2019-08-16 01:52:36,176 basehttp 154 "GET /static/images/linux.jpg HTTP/1.1" 200 62189
INFO 2019-08-16 01:52:36,786 basehttp 154 "GET /static/images/zimeiti.png HTTP/1.1" 200 112767
INFO 2019-08-16 01:52:36,787 basehttp 154 "GET /static/images/python_advanced.jpg HTTP/1.1" 200 120059
INFO 2019-08-16 01:52:37,325 basehttp 154 "GET /static/images/wechat2.jpg HTTP/1.1" 200 41049
INFO 2019-08-16 01:52:37,733 basehttp 154 "GET /static/images/english.jpg HTTP/1.1" 200 137605
INFO 2019-08-16 01:52:38,039 basehttp 154 "GET /static/images/jichujiaochen.jpeg HTTP/1.1" 200 11286
WARNING 2019-08-16 01:52:38,363 log 228 Not Found: /index.html
WARNING 2019-08-16 01:52:38,372 basehttp 154 "GET /index.html HTTP/1.1" 404 3189
INFO 2019-08-16 01:52:38,456 basehttp 154 "GET /static/images/youxi.png HTTP/1.1" 200 303104
INFO 2019-08-16 01:52:38,555 basehttp 154 "GET /static/images/dianshang.png HTTP/1.1" 200 303104
INFO 2019-08-16 01:52:38,567 basehttp 154 "GET /static/images/python_web.jpg HTTP/1.1" 200 45717
ERROR 2019-08-16 01:52:38,613 log 228 Internal Server Error: /news/
Traceback (most recent call last):
  File "/usr/local/lib/python3.6/dist-packages/django/core/handlers/exception.py", line 34, in inner
    response = get_response(request)
  File "/usr/local/lib/python3.6/dist-packages/django/core/handlers/base.py", line 126, in _get_response
    response = self.process_exception_by_middleware(e, request)
  File "/usr/local/lib/python3.6/dist-packages/django/core/handlers/base.py", line 124, in _get_response
    response = wrapped_callback(request, *callback_args, **callback_kwargs)
  File "/usr/local/lib/python3.6/dist-packages/django/views/generic/base.py", line 68, in view
    return self.dispatch(request, *args, **kwargs)
  File "/usr/local/lib/python3.6/dist-packages/django/views/generic/base.py", line 88, in dispatch
    return handler(request, *args, **kwargs)
  File "/home/pyvip/code/mysite/apps/news/views.py", line 54, in get
    news = news_queryset.filter(is_delete=False, tag_id=tag_id) or news_queryset.filter(is_delete=False)
  File "/usr/local/lib/python3.6/dist-packages/django/db/models/query.py", line 844, in filter
    return self._filter_or_exclude(False, *args, **kwargs)
  File "/usr/local/lib/python3.6/dist-packages/django/db/models/query.py", line 862, in _filter_or_exclude
    clone.query.add_q(Q(*args, **kwargs))
  File "/usr/local/lib/python3.6/dist-packages/django/db/models/sql/query.py", line 1263, in add_q
    clause, _ = self._add_q(q_object, self.used_aliases)
  File "/usr/local/lib/python3.6/dist-packages/django/db/models/sql/query.py", line 1287, in _add_q
    split_subq=split_subq,
  File "/usr/local/lib/python3.6/dist-packages/django/db/models/sql/query.py", line 1164, in build_filter
    lookups, parts, reffed_expression = self.solve_lookup_type(arg)
  File "/usr/local/lib/python3.6/dist-packages/django/db/models/sql/query.py", line 1028, in solve_lookup_type
    _, field, _, lookup_parts = self.names_to_path(lookup_splitted, self.get_meta())
  File "/usr/local/lib/python3.6/dist-packages/django/db/models/sql/query.py", line 1389, in names_to_path
    "Choices are: %s" % (name, ", ".join(available)))
django.core.exceptions.FieldError: Cannot resolve keyword 'is_delete' into field. Choices are: author, author, author_id, banner, clicks, comments, content, create_time, digest, hotnews, id, image_url, is_deleted, tag, tag_id, tag_name, title, update_time
ERROR 2019-08-16 01:52:38,625 basehttp 154 "GET /news/?tag=0&page=1 HTTP/1.1" 500 15925
INFO 2019-08-16 01:52:40,023 basehttp 154 "GET /static/images/python_web.jpg HTTP/1.1" 200 45717
INFO 2019-08-16 01:52:40,115 basehttp 154 "GET /static/images/python_advanced.jpg HTTP/1.1" 200 120059
INFO 2019-08-16 01:52:40,116 basehttp 154 "GET /static/images/english.jpg HTTP/1.1" 200 137605
ERROR 2019-08-16 01:52:40,195 log 228 Internal Server Error: /news/
Traceback (most recent call last):
  File "/usr/local/lib/python3.6/dist-packages/django/core/handlers/exception.py", line 34, in inner
    response = get_response(request)
  File "/usr/local/lib/python3.6/dist-packages/django/core/handlers/base.py", line 126, in _get_response
    response = self.process_exception_by_middleware(e, request)
  File "/usr/local/lib/python3.6/dist-packages/django/core/handlers/base.py", line 124, in _get_response
    response = wrapped_callback(request, *callback_args, **callback_kwargs)
  File "/usr/local/lib/python3.6/dist-packages/django/views/generic/base.py", line 68, in view
    return self.dispatch(request, *args, **kwargs)
  File "/usr/local/lib/python3.6/dist-packages/django/views/generic/base.py", line 88, in dispatch
    return handler(request, *args, **kwargs)
  File "/home/pyvip/code/mysite/apps/news/views.py", line 54, in get
    news = news_queryset.filter(is_delete=False, tag_id=tag_id) or news_queryset.filter(is_delete=False)
  File "/usr/local/lib/python3.6/dist-packages/django/db/models/query.py", line 844, in filter
    return self._filter_or_exclude(False, *args, **kwargs)
  File "/usr/local/lib/python3.6/dist-packages/django/db/models/query.py", line 862, in _filter_or_exclude
    clone.query.add_q(Q(*args, **kwargs))
  File "/usr/local/lib/python3.6/dist-packages/django/db/models/sql/query.py", line 1263, in add_q
    clause, _ = self._add_q(q_object, self.used_aliases)
  File "/usr/local/lib/python3.6/dist-packages/django/db/models/sql/query.py", line 1287, in _add_q
    split_subq=split_subq,
  File "/usr/local/lib/python3.6/dist-packages/django/db/models/sql/query.py", line 1164, in build_filter
    lookups, parts, reffed_expression = self.solve_lookup_type(arg)
  File "/usr/local/lib/python3.6/dist-packages/django/db/models/sql/query.py", line 1028, in solve_lookup_type
    _, field, _, lookup_parts = self.names_to_path(lookup_splitted, self.get_meta())
  File "/usr/local/lib/python3.6/dist-packages/django/db/models/sql/query.py", line 1389, in names_to_path
    "Choices are: %s" % (name, ", ".join(available)))
django.core.exceptions.FieldError: Cannot resolve keyword 'is_delete' into field. Choices are: author, author, author_id, banner, clicks, comments, content, create_time, digest, hotnews, id, image_url, is_deleted, tag, tag_id, tag_name, title, update_time
ERROR 2019-08-16 01:52:40,206 basehttp 154 "GET /news/?tag=0&page=1 HTTP/1.1" 500 15925
INFO 2019-08-16 01:52:42,093 basehttp 154 "GET /static/images/dianshang.png HTTP/1.1" 200 342554
INFO 2019-08-16 01:52:44,899 basehttp 154 "GET /static/images/youxi.png HTTP/1.1" 200 447834
ERROR 2019-08-16 01:52:48,281 log 228 Internal Server Error: /news/
Traceback (most recent call last):
  File "/usr/local/lib/python3.6/dist-packages/django/core/handlers/exception.py", line 34, in inner
    response = get_response(request)
  File "/usr/local/lib/python3.6/dist-packages/django/core/handlers/base.py", line 126, in _get_response
    response = self.process_exception_by_middleware(e, request)
  File "/usr/local/lib/python3.6/dist-packages/django/core/handlers/base.py", line 124, in _get_response
    response = wrapped_callback(request, *callback_args, **callback_kwargs)
  File "/usr/local/lib/python3.6/dist-packages/django/views/generic/base.py", line 68, in view
    return self.dispatch(request, *args, **kwargs)
  File "/usr/local/lib/python3.6/dist-packages/django/views/generic/base.py", line 88, in dispatch
    return handler(request, *args, **kwargs)
  File "/home/pyvip/code/mysite/apps/news/views.py", line 54, in get
    news = news_queryset.filter(is_delete=False, tag_id=tag_id) or news_queryset.filter(is_delete=False)
  File "/usr/local/lib/python3.6/dist-packages/django/db/models/query.py", line 844, in filter
    return self._filter_or_exclude(False, *args, **kwargs)
  File "/usr/local/lib/python3.6/dist-packages/django/db/models/query.py", line 862, in _filter_or_exclude
    clone.query.add_q(Q(*args, **kwargs))
  File "/usr/local/lib/python3.6/dist-packages/django/db/models/sql/query.py", line 1263, in add_q
    clause, _ = self._add_q(q_object, self.used_aliases)
  File "/usr/local/lib/python3.6/dist-packages/django/db/models/sql/query.py", line 1287, in _add_q
    split_subq=split_subq,
  File "/usr/local/lib/python3.6/dist-packages/django/db/models/sql/query.py", line 1164, in build_filter
    lookups, parts, reffed_expression = self.solve_lookup_type(arg)
  File "/usr/local/lib/python3.6/dist-packages/django/db/models/sql/query.py", line 1028, in solve_lookup_type
    _, field, _, lookup_parts = self.names_to_path(lookup_splitted, self.get_meta())
  File "/usr/local/lib/python3.6/dist-packages/django/db/models/sql/query.py", line 1389, in names_to_path
    "Choices are: %s" % (name, ", ".join(available)))
django.core.exceptions.FieldError: Cannot resolve keyword 'is_delete' into field. Choices are: author, author, author_id, banner, clicks, comments, content, create_time, digest, hotnews, id, image_url, is_deleted, tag, tag_id, tag_name, title, update_time
ERROR 2019-08-16 01:52:49,162 basehttp 154 "GET /news/ HTTP/1.1" 500 138529
ERROR 2019-08-16 01:54:22,291 log 228 Internal Server Error: /news/
Traceback (most recent call last):
  File "/usr/local/lib/python3.6/dist-packages/django/core/handlers/exception.py", line 34, in inner
    response = get_response(request)
  File "/usr/local/lib/python3.6/dist-packages/django/core/handlers/base.py", line 126, in _get_response
    response = self.process_exception_by_middleware(e, request)
  File "/usr/local/lib/python3.6/dist-packages/django/core/handlers/base.py", line 124, in _get_response
    response = wrapped_callback(request, *callback_args, **callback_kwargs)
  File "/usr/local/lib/python3.6/dist-packages/django/views/generic/base.py", line 68, in view
    return self.dispatch(request, *args, **kwargs)
  File "/usr/local/lib/python3.6/dist-packages/django/views/generic/base.py", line 88, in dispatch
    return handler(request, *args, **kwargs)
  File "/home/pyvip/code/mysite/apps/news/views.py", line 54, in get
    news = news_queryset.filter(is_delete=False, tag_id=tag_id) or news_queryset.filter(is_delete=False)
  File "/usr/local/lib/python3.6/dist-packages/django/db/models/query.py", line 844, in filter
    return self._filter_or_exclude(False, *args, **kwargs)
  File "/usr/local/lib/python3.6/dist-packages/django/db/models/query.py", line 862, in _filter_or_exclude
    clone.query.add_q(Q(*args, **kwargs))
  File "/usr/local/lib/python3.6/dist-packages/django/db/models/sql/query.py", line 1263, in add_q
    clause, _ = self._add_q(q_object, self.used_aliases)
  File "/usr/local/lib/python3.6/dist-packages/django/db/models/sql/query.py", line 1287, in _add_q
    split_subq=split_subq,
  File "/usr/local/lib/python3.6/dist-packages/django/db/models/sql/query.py", line 1164, in build_filter
    lookups, parts, reffed_expression = self.solve_lookup_type(arg)
  File "/usr/local/lib/python3.6/dist-packages/django/db/models/sql/query.py", line 1028, in solve_lookup_type
    _, field, _, lookup_parts = self.names_to_path(lookup_splitted, self.get_meta())
  File "/usr/local/lib/python3.6/dist-packages/django/db/models/sql/query.py", line 1389, in names_to_path
    "Choices are: %s" % (name, ", ".join(available)))
django.core.exceptions.FieldError: Cannot resolve keyword 'is_delete' into field. Choices are: author, author, author_id, banner, clicks, comments, content, create_time, digest, hotnews, id, image_url, is_deleted, tag, tag_id, tag_name, title, update_time
ERROR 2019-08-16 01:54:22,683 basehttp 154 "GET /news/ HTTP/1.1" 500 138790
ERROR 2019-08-16 02:03:18,829 log 228 Internal Server Error: /news/
Traceback (most recent call last):
  File "/usr/local/lib/python3.6/dist-packages/django/core/handlers/exception.py", line 34, in inner
    response = get_response(request)
  File "/usr/local/lib/python3.6/dist-packages/django/core/handlers/base.py", line 126, in _get_response
    response = self.process_exception_by_middleware(e, request)
  File "/usr/local/lib/python3.6/dist-packages/django/core/handlers/base.py", line 124, in _get_response
    response = wrapped_callback(request, *callback_args, **callback_kwargs)
  File "/usr/local/lib/python3.6/dist-packages/django/views/generic/base.py", line 68, in view
    return self.dispatch(request, *args, **kwargs)
  File "/usr/local/lib/python3.6/dist-packages/django/views/generic/base.py", line 88, in dispatch
    return handler(request, *args, **kwargs)
  File "/home/pyvip/code/mysite/apps/news/views.py", line 54, in get
    news = news_queryset.filter(is_delete=False, tag_id=tag_id) or news_queryset.filter(is_delete=False)
  File "/usr/local/lib/python3.6/dist-packages/django/db/models/query.py", line 844, in filter
    return self._filter_or_exclude(False, *args, **kwargs)
  File "/usr/local/lib/python3.6/dist-packages/django/db/models/query.py", line 862, in _filter_or_exclude
    clone.query.add_q(Q(*args, **kwargs))
  File "/usr/local/lib/python3.6/dist-packages/django/db/models/sql/query.py", line 1263, in add_q
    clause, _ = self._add_q(q_object, self.used_aliases)
  File "/usr/local/lib/python3.6/dist-packages/django/db/models/sql/query.py", line 1287, in _add_q
    split_subq=split_subq,
  File "/usr/local/lib/python3.6/dist-packages/django/db/models/sql/query.py", line 1164, in build_filter
    lookups, parts, reffed_expression = self.solve_lookup_type(arg)
  File "/usr/local/lib/python3.6/dist-packages/django/db/models/sql/query.py", line 1028, in solve_lookup_type
    _, field, _, lookup_parts = self.names_to_path(lookup_splitted, self.get_meta())
  File "/usr/local/lib/python3.6/dist-packages/django/db/models/sql/query.py", line 1389, in names_to_path
    "Choices are: %s" % (name, ", ".join(available)))
django.core.exceptions.FieldError: Cannot resolve keyword 'is_delete' into field. Choices are: author, author, author_id, banner, clicks, comments, content, create_time, digest, hotnews, id, image_url, is_deleted, tag, tag_id, tag_name, title, update_time
ERROR 2019-08-16 02:03:19,088 basehttp 154 "GET /news/ HTTP/1.1" 500 138790
ERROR 2019-08-16 02:03:22,631 log 228 Internal Server Error: /news/
Traceback (most recent call last):
  File "/usr/local/lib/python3.6/dist-packages/django/core/handlers/exception.py", line 34, in inner
    response = get_response(request)
  File "/usr/local/lib/python3.6/dist-packages/django/core/handlers/base.py", line 126, in _get_response
    response = self.process_exception_by_middleware(e, request)
  File "/usr/local/lib/python3.6/dist-packages/django/core/handlers/base.py", line 124, in _get_response
    response = wrapped_callback(request, *callback_args, **callback_kwargs)
  File "/usr/local/lib/python3.6/dist-packages/django/views/generic/base.py", line 68, in view
    return self.dispatch(request, *args, **kwargs)
  File "/usr/local/lib/python3.6/dist-packages/django/views/generic/base.py", line 88, in dispatch
    return handler(request, *args, **kwargs)
  File "/home/pyvip/code/mysite/apps/news/views.py", line 54, in get
    news = news_queryset.filter(is_delete=False, tag_id=tag_id) or news_queryset.filter(is_delete=False)
  File "/usr/local/lib/python3.6/dist-packages/django/db/models/query.py", line 844, in filter
    return self._filter_or_exclude(False, *args, **kwargs)
  File "/usr/local/lib/python3.6/dist-packages/django/db/models/query.py", line 862, in _filter_or_exclude
    clone.query.add_q(Q(*args, **kwargs))
  File "/usr/local/lib/python3.6/dist-packages/django/db/models/sql/query.py", line 1263, in add_q
    clause, _ = self._add_q(q_object, self.used_aliases)
  File "/usr/local/lib/python3.6/dist-packages/django/db/models/sql/query.py", line 1287, in _add_q
    split_subq=split_subq,
  File "/usr/local/lib/python3.6/dist-packages/django/db/models/sql/query.py", line 1164, in build_filter
    lookups, parts, reffed_expression = self.solve_lookup_type(arg)
  File "/usr/local/lib/python3.6/dist-packages/django/db/models/sql/query.py", line 1028, in solve_lookup_type
    _, field, _, lookup_parts = self.names_to_path(lookup_splitted, self.get_meta())
  File "/usr/local/lib/python3.6/dist-packages/django/db/models/sql/query.py", line 1389, in names_to_path
    "Choices are: %s" % (name, ", ".join(available)))
django.core.exceptions.FieldError: Cannot resolve keyword 'is_delete' into field. Choices are: author, author, author_id, banner, clicks, comments, content, create_time, digest, hotnews, id, image_url, is_deleted, tag, tag_id, tag_name, title, update_time
ERROR 2019-08-16 02:03:23,560 basehttp 154 "GET /news/ HTTP/1.1" 500 138790
ERROR 2019-08-16 02:04:23,426 log 228 Internal Server Error: /news/
Traceback (most recent call last):
  File "/usr/local/lib/python3.6/dist-packages/django/core/handlers/exception.py", line 34, in inner
    response = get_response(request)
  File "/usr/local/lib/python3.6/dist-packages/django/core/handlers/base.py", line 126, in _get_response
    response = self.process_exception_by_middleware(e, request)
  File "/usr/local/lib/python3.6/dist-packages/django/core/handlers/base.py", line 124, in _get_response
    response = wrapped_callback(request, *callback_args, **callback_kwargs)
  File "/usr/local/lib/python3.6/dist-packages/django/views/generic/base.py", line 68, in view
    return self.dispatch(request, *args, **kwargs)
  File "/usr/local/lib/python3.6/dist-packages/django/views/generic/base.py", line 88, in dispatch
    return handler(request, *args, **kwargs)
  File "/home/pyvip/code/mysite/apps/news/views.py", line 54, in get
    news = news_queryset.filter(is_delete=False, tag_id=tag_id) or news_queryset.filter(is_delete=False)
  File "/usr/local/lib/python3.6/dist-packages/django/db/models/query.py", line 844, in filter
    return self._filter_or_exclude(False, *args, **kwargs)
  File "/usr/local/lib/python3.6/dist-packages/django/db/models/query.py", line 862, in _filter_or_exclude
    clone.query.add_q(Q(*args, **kwargs))
  File "/usr/local/lib/python3.6/dist-packages/django/db/models/sql/query.py", line 1263, in add_q
    clause, _ = self._add_q(q_object, self.used_aliases)
  File "/usr/local/lib/python3.6/dist-packages/django/db/models/sql/query.py", line 1287, in _add_q
    split_subq=split_subq,
  File "/usr/local/lib/python3.6/dist-packages/django/db/models/sql/query.py", line 1164, in build_filter
    lookups, parts, reffed_expression = self.solve_lookup_type(arg)
  File "/usr/local/lib/python3.6/dist-packages/django/db/models/sql/query.py", line 1028, in solve_lookup_type
    _, field, _, lookup_parts = self.names_to_path(lookup_splitted, self.get_meta())
  File "/usr/local/lib/python3.6/dist-packages/django/db/models/sql/query.py", line 1389, in names_to_path
    "Choices are: %s" % (name, ", ".join(available)))
django.core.exceptions.FieldError: Cannot resolve keyword 'is_delete' into field. Choices are: author, author, author_id, banner, clicks, comments, content, create_time, digest, hotnews, id, image_url, is_deleted, tag, tag_id, tag_name, title, update_time
ERROR 2019-08-16 02:04:24,301 basehttp 154 "GET /news/ HTTP/1.1" 500 138790
INFO 2019-08-16 02:06:47,092 basehttp 154 "GET /news/ HTTP/1.1" 200 4869
INFO 2019-08-16 02:07:45,640 basehttp 154 "GET /news/ HTTP/1.1" 200 4869
INFO 2019-08-16 02:07:47,726 basehttp 154 "GET /news/ HTTP/1.1" 200 4869
INFO 2019-08-16 02:07:48,665 basehttp 154 "GET /news/ HTTP/1.1" 200 4869
INFO 2019-08-16 02:07:48,884 basehttp 154 "GET /news/ HTTP/1.1" 200 4869
INFO 2019-08-16 02:07:49,088 basehttp 154 "GET /news/ HTTP/1.1" 200 4869
INFO 2019-08-16 02:07:49,300 basehttp 154 "GET /news/ HTTP/1.1" 200 4869
INFO 2019-08-16 02:07:49,492 basehttp 154 "GET /news/ HTTP/1.1" 200 4869
INFO 2019-08-16 02:07:49,828 basehttp 154 "GET /news/ HTTP/1.1" 200 4869
INFO 2019-08-16 02:15:55,625 basehttp 154 "GET /news/ HTTP/1.1" 200 4869
INFO 2019-08-16 02:15:57,357 basehttp 154 "GET /news/ HTTP/1.1" 200 4869
INFO 2019-08-16 02:16:08,392 basehttp 154 "GET /news/ HTTP/1.1" 200 4869
INFO 2019-08-16 02:16:09,314 basehttp 154 "GET /news/ HTTP/1.1" 200 4869
INFO 2019-08-16 02:16:09,733 basehttp 154 "GET /news/ HTTP/1.1" 200 4869
INFO 2019-08-16 02:16:10,059 basehttp 154 "GET /news/ HTTP/1.1" 200 4869
INFO 2019-08-16 02:16:31,276 basehttp 154 "GET / HTTP/1.1" 200 11549
INFO 2019-08-16 02:16:31,439 basehttp 154 "GET /static/css/base/reset.css HTTP/1.1" 200 1427
INFO 2019-08-16 02:16:31,445 basehttp 154 "GET /static/css/base/side.css HTTP/1.1" 200 4429
INFO 2019-08-16 02:16:31,446 basehttp 154 "GET /static/css/news/index.css HTTP/1.1" 200 5500
INFO 2019-08-16 02:16:31,472 basehttp 154 "GET /static/css/base/common.css HTTP/1.1" 200 3498
INFO 2019-08-16 02:16:31,639 basehttp 154 "GET /static/images/ui.png HTTP/1.1" 200 108619
INFO 2019-08-16 02:16:31,641 basehttp 154 "GET /static/js/commons.js HTTP/1.1" 200 1227
INFO 2019-08-16 02:16:31,643 basehttp 154 "GET /static/js/base/message.js HTTP/1.1" 200 3570
WARNING 2019-08-16 02:16:31,661 basehttp 154 "GET /static/js/news/index.jss HTTP/1.1" 404 1675
INFO 2019-08-16 02:16:31,856 basehttp 154 "GET /static/images/python_gui.jpg HTTP/1.1" 200 24129
INFO 2019-08-16 02:16:32,055 basehttp 154 "GET /static/images/zimeiti.png HTTP/1.1" 200 112767
INFO 2019-08-16 02:16:32,056 basehttp 154 "GET /static/images/english.jpg HTTP/1.1" 200 137605
WARNING 2019-08-16 02:16:32,272 basehttp 154 "GET /static/js/news/index.jss HTTP/1.1" 404 1675
INFO 2019-08-16 02:16:32,474 basehttp 154 "GET /static/images/linux.jpg HTTP/1.1" 200 62189
INFO 2019-08-16 02:16:33,409 basehttp 154 "GET /static/images/python_advanced.jpg HTTP/1.1" 200 120059
INFO 2019-08-16 02:16:33,617 basehttp 154 "GET /static/images/jichujiaochen.jpeg HTTP/1.1" 200 11286
INFO 2019-08-16 02:16:33,929 basehttp 154 "GET /static/images/python_web.jpg HTTP/1.1" 200 45717
INFO 2019-08-16 02:16:33,931 basehttp 154 "GET /static/images/wechat2.jpg HTTP/1.1" 200 41049
INFO 2019-08-16 02:16:35,175 basehttp 154 "GET /static/images/dianshang.png HTTP/1.1" 200 342554
INFO 2019-08-16 02:16:37,359 basehttp 154 "GET /static/images/youxi.png HTTP/1.1" 200 447834
INFO 2019-09-02 02:52:59,229 basehttp 154 "GET /admin/ HTTP/1.1" 200 9626
INFO 2019-09-02 02:52:59,318 basehttp 154 "GET /admin/home/ HTTP/1.1" 200 293
INFO 2019-09-02 02:53:00,084 basehttp 154 "GET /admin/ HTTP/1.1" 200 9626
INFO 2019-09-02 02:53:00,185 basehttp 154 "GET /admin/home/ HTTP/1.1" 200 293
INFO 2019-09-02 02:53:01,702 basehttp 154 "GET /admin/menus/ HTTP/1.1" 200 1559
INFO 2019-09-02 02:53:02,722 basehttp 154 "GET /admin/menu/ HTTP/1.1" 200 3827
INFO 2019-09-02 02:53:30,908 basehttp 154 "GET /admin/ HTTP/1.1" 200 9626
INFO 2019-09-02 02:53:31,047 basehttp 154 "GET /admin/home/ HTTP/1.1" 200 293
INFO 2019-09-02 02:53:33,432 basehttp 154 "GET /admin/menus/ HTTP/1.1" 200 1559
INFO 2019-09-02 02:53:34,350 basehttp 154 "GET /admin/menu/ HTTP/1.1" 200 3827
INFO 2019-09-02 02:53:49,907 basehttp 154 "GET /admin/ HTTP/1.1" 200 9626
INFO 2019-09-02 02:53:50,013 basehttp 154 "GET /admin/home/ HTTP/1.1" 200 293
INFO 2019-09-02 02:53:51,721 basehttp 154 "GET /admin/menus/ HTTP/1.1" 200 1559
INFO 2019-09-02 02:53:52,640 basehttp 154 "GET /admin/menu/ HTTP/1.1" 200 3827
INFO 2019-09-02 02:57:20,738 basehttp 154 "GET /admin/ HTTP/1.1" 200 9626
INFO 2019-09-02 02:57:20,820 basehttp 154 "GET /admin/home/ HTTP/1.1" 200 293
INFO 2019-09-02 02:57:34,637 basehttp 154 "GET /admin/ HTTP/1.1" 200 9626
INFO 2019-09-02 02:57:34,737 basehttp 154 "GET /admin/home/ HTTP/1.1" 200 293
INFO 2019-09-02 02:57:37,216 basehttp 154 "GET /admin/menus/ HTTP/1.1" 200 1559
INFO 2019-09-02 02:57:38,421 basehttp 154 "GET /admin/menu/ HTTP/1.1" 200 3836
WARNING 2019-09-02 03:04:14,702 basehttp 154 "GET /static/css/myadmin/bootstrap.min.css.map HTTP/1.1" 404 1723
INFO 2019-09-02 03:04:17,900 basehttp 154 "GET /admin/ HTTP/1.1" 200 9626
WARNING 2019-09-02 03:04:18,103 basehttp 154 "GET /static/css/myadmin/bootstrap.min.css.map HTTP/1.1" 404 1723
INFO 2019-09-02 03:04:18,177 basehttp 154 "GET /admin/home/ HTTP/1.1" 200 293
INFO 2019-09-02 03:04:20,832 basehttp 154 "GET /admin/menus/ HTTP/1.1" 200 1559
INFO 2019-09-02 03:04:24,281 basehttp 154 "GET /admin/menu/ HTTP/1.1" 200 3836
INFO 2019-09-02 03:04:49,905 basehttp 154 "GET /admin/ HTTP/1.1" 200 9626
WARNING 2019-09-02 03:04:50,317 basehttp 154 "GET /static/css/myadmin/bootstrap.min.css.map HTTP/1.1" 404 1723
INFO 2019-09-02 03:04:50,364 basehttp 154 "GET /admin/home/ HTTP/1.1" 200 293
INFO 2019-09-02 03:04:53,720 basehttp 154 "GET /admin/menus/ HTTP/1.1" 200 1559
INFO 2019-09-02 03:04:54,726 basehttp 154 "GET /admin/menu/ HTTP/1.1" 200 3836
INFO 2019-09-02 03:31:40,059 basehttp 154 "GET /admin/ HTTP/1.1" 200 9626
WARNING 2019-09-02 03:31:40,263 basehttp 154 "GET /static/css/myadmin/bootstrap.min.css.map HTTP/1.1" 404 1723
INFO 2019-09-02 03:31:40,294 basehttp 154 "GET /admin/home/ HTTP/1.1" 200 293
INFO 2019-09-02 03:31:43,428 basehttp 154 "GET /admin/menus/ HTTP/1.1" 200 1559
INFO 2019-09-02 03:31:44,486 basehttp 154 "GET /admin/menu/ HTTP/1.1" 200 3897
INFO 2019-09-02 03:31:44,502 basehttp 154 "GET /static/js/myadmin/menu/add_menu.js HTTP/1.1" 200 1523
INFO 2019-09-02 03:32:06,236 basehttp 154 "POST /admin/menu/ HTTP/1.1" 200 84
INFO 2019-09-02 03:32:06,590 basehttp 154 "GET /admin/menus/ HTTP/1.1" 200 2312
INFO 2019-09-02 03:32:55,733 basehttp 154 "GET /admin/ HTTP/1.1" 200 9626
WARNING 2019-09-02 03:32:55,910 basehttp 154 "GET /static/css/myadmin/bootstrap.min.css.map HTTP/1.1" 404 1723
INFO 2019-09-02 03:32:55,953 basehttp 154 "GET /admin/home/ HTTP/1.1" 200 293
INFO 2019-09-02 03:32:58,591 basehttp 154 "GET /admin/menus/ HTTP/1.1" 200 2349
INFO 2019-09-02 03:33:48,094 basehttp 154 "GET /admin/menu/ HTTP/1.1" 200 3940
INFO 2019-09-02 03:33:48,108 basehttp 154 "GET /static/js/myadmin/menu/add_menu.js HTTP/1.1" 304 0
INFO 2019-09-02 03:34:11,014 basehttp 154 "POST /admin/menu/ HTTP/1.1" 200 4323
INFO 2019-09-02 03:34:11,024 basehttp 154 "GET /static/js/myadmin/menu/add_menu.js HTTP/1.1" 304 0
INFO 2019-09-02 03:35:30,624 basehttp 154 "GET /admin/menus/ HTTP/1.1" 200 2349
INFO 2019-09-02 03:35:31,829 basehttp 154 "GET /admin/menu/ HTTP/1.1" 200 3940
INFO 2019-09-02 03:35:31,839 basehttp 154 "GET /static/js/myadmin/menu/add_menu.js HTTP/1.1" 304 0
INFO 2019-09-02 03:36:23,723 basehttp 154 "POST /admin/menu/ HTTP/1.1" 200 84
INFO 2019-09-02 03:36:24,078 basehttp 154 "GET /admin/menus/ HTTP/1.1" 200 3093
INFO 2019-09-02 03:39:15,961 basehttp 154 "GET /admin/ HTTP/1.1" 200 9626
WARNING 2019-09-02 03:39:16,117 basehttp 154 "GET /static/css/myadmin/bootstrap.min.css.map HTTP/1.1" 404 1723
INFO 2019-09-02 03:39:16,143 basehttp 154 "GET /admin/home/ HTTP/1.1" 200 293
INFO 2019-09-02 03:39:18,463 basehttp 154 "GET /admin/menus/ HTTP/1.1" 200 3158
INFO 2019-09-02 03:46:00,164 basehttp 154 "GET /admin/menu/ HTTP/1.1" 200 3940
INFO 2019-09-02 03:46:00,180 basehttp 154 "GET /static/js/myadmin/menu/add_menu.js HTTP/1.1" 304 0
INFO 2019-09-02 03:47:24,484 basehttp 154 "GET /admin/ HTTP/1.1" 200 9626
WARNING 2019-09-02 03:47:24,623 basehttp 154 "GET /static/css/myadmin/bootstrap.min.css.map HTTP/1.1" 404 1723
INFO 2019-09-02 03:47:24,649 basehttp 154 "GET /admin/home/ HTTP/1.1" 200 293
INFO 2019-09-02 03:47:28,057 basehttp 154 "GET /admin/menus/ HTTP/1.1" 200 4640
INFO 2019-09-02 03:47:30,086 basehttp 154 "GET /admin/menu/ HTTP/1.1" 200 3986
INFO 2019-09-02 03:50:27,915 basehttp 154 "GET /admin/ HTTP/1.1" 200 9626
WARNING 2019-09-02 03:50:28,247 basehttp 154 "GET /static/css/myadmin/bootstrap.min.css.map HTTP/1.1" 404 1723
INFO 2019-09-02 03:50:28,280 basehttp 154 "GET /admin/home/ HTTP/1.1" 200 293
INFO 2019-09-02 03:52:30,782 basehttp 154 "GET /admin/menus/ HTTP/1.1" 200 4640
INFO 2019-09-02 03:52:33,590 basehttp 154 "GET /admin/menu/ HTTP/1.1" 200 3940
INFO 2019-09-02 03:52:33,606 basehttp 154 "GET /static/js/myadmin/menu/add_menu.js HTTP/1.1" 304 0
INFO 2019-09-02 03:53:06,123 basehttp 154 "POST /admin/menu/ HTTP/1.1" 200 84
INFO 2019-09-02 03:53:06,471 basehttp 154 "GET /admin/menus/ HTTP/1.1" 200 5511
INFO 2019-09-02 03:53:52,273 basehttp 154 "GET /admin/menu/ HTTP/1.1" 200 3940
INFO 2019-09-02 04:15:51,059 basehttp 154 "GET /admin/ HTTP/1.1" 200 9626
INFO 2019-09-02 04:15:51,248 basehttp 154 "GET /admin/home/ HTTP/1.1" 200 293
INFO 2019-09-02 04:15:55,067 basehttp 154 "GET / HTTP/1.1" 200 11088
INFO 2019-09-02 04:15:55,118 basehttp 154 "GET /media/jichujiaochen.jpeg HTTP/1.1" 200 11286
INFO 2019-09-02 04:15:55,124 basehttp 154 "GET /media/python_gui.jpg HTTP/1.1" 200 24129
INFO 2019-09-02 04:15:55,151 basehttp 154 "GET /static/js/base/common.js HTTP/1.1" 200 1198
INFO 2019-09-02 04:15:55,176 basehttp 154 "GET /static/js/news/index.js HTTP/1.1" 200 7903
INFO 2019-09-02 04:15:55,188 basehttp 154 "GET /media/linux.jpg HTTP/1.1" 200 62189
INFO 2019-09-02 04:15:55,207 basehttp 154 "GET /static/images/english.jpg HTTP/1.1" 200 137605
WARNING 2019-09-02 04:15:55,268 basehttp 154 "GET /static/images/wechat.jpg HTTP/1.1" 404 1675
INFO 2019-09-02 04:15:55,335 basehttp 154 "GET /static/images/python_web.jpg HTTP/1.1" 200 45717
INFO 2019-09-02 04:15:55,432 basehttp 154 "GET /news/banners/ HTTP/1.1" 200 863
INFO 2019-09-02 04:15:55,485 basehttp 154 "GET /media/python_function.jpg HTTP/1.1" 200 27960
INFO 2019-09-02 04:15:55,487 basehttp 154 "GET /media/python_advanced.jpg HTTP/1.1" 200 120059
INFO 2019-09-02 04:15:55,533 basehttp 154 "GET /media/python_web.jpg HTTP/1.1" 200 45717
INFO 2019-09-02 04:15:55,552 basehttp 154 "GET /news/?tag=0&page=1 HTTP/1.1" 200 6092
INFO 2019-09-02 04:15:57,228 basehttp 154 "GET /admin/ HTTP/1.1" 200 9626
INFO 2019-09-02 04:15:57,320 basehttp 154 "GET /admin/home/ HTTP/1.1" 200 293
INFO 2019-09-02 04:17:17,131 basehttp 154 "GET /admin/menus/ HTTP/1.1" 200 5511
INFO 2019-09-02 04:17:58,599 basehttp 154 "GET /admin/menu/ HTTP/1.1" 200 3940
INFO 2019-09-02 04:17:58,613 basehttp 154 "GET /static/js/myadmin/menu/add_menu.js HTTP/1.1" 304 0
INFO 2019-09-02 04:19:12,768 basehttp 154 "POST /admin/menu/ HTTP/1.1" 200 84
INFO 2019-09-02 04:19:13,086 basehttp 154 "GET /admin/menus/ HTTP/1.1" 200 6384
INFO 2019-09-02 04:19:34,583 basehttp 154 "GET /admin/ HTTP/1.1" 200 9626
INFO 2019-09-02 04:19:34,682 basehttp 154 "GET /admin/home/ HTTP/1.1" 200 293
INFO 2019-09-02 04:23:43,575 basehttp 154 "GET /admin/menus/ HTTP/1.1" 200 6384
INFO 2019-09-08 16:14:30,992 basehttp 154 "GET / HTTP/1.1" 200 11083
INFO 2019-09-08 16:14:31,123 basehttp 154 "GET /static/css/news/index.css HTTP/1.1" 200 5521
INFO 2019-09-08 16:14:31,124 basehttp 154 "GET /media/python_gui.jpg HTTP/1.1" 200 24129
INFO 2019-09-08 16:14:31,134 basehttp 154 "GET /media/linux.jpg HTTP/1.1" 200 62189
INFO 2019-09-08 16:14:31,141 basehttp 154 "GET /static/css/base/reset.css HTTP/1.1" 200 1427
INFO 2019-09-08 16:14:31,149 basehttp 154 "GET /static/css/base/side.css HTTP/1.1" 200 4428
INFO 2019-09-08 16:14:31,150 basehttp 154 "GET /static/css/base/common.css HTTP/1.1" 200 3498
INFO 2019-09-08 16:14:31,154 basehttp 154 "GET /static/js/base/common.js HTTP/1.1" 200 1198
INFO 2019-09-08 16:14:31,176 basehttp 154 "GET /static/js/base/message.js HTTP/1.1" 200 3570
INFO 2019-09-08 16:14:31,184 basehttp 154 "GET /static/js/news/index.js HTTP/1.1" 200 7903
INFO 2019-09-08 16:14:31,193 basehttp 154 "GET /static/images/python_web.jpg HTTP/1.1" 200 45717
WARNING 2019-09-08 16:14:31,196 basehttp 154 "GET /static/images/wechat.jpg HTTP/1.1" 404 1675
INFO 2019-09-08 16:14:31,206 basehttp 154 "GET /media/jichujiaochen.jpeg HTTP/1.1" 200 11286
INFO 2019-09-08 16:14:31,212 basehttp 154 "GET /static/images/english.jpg HTTP/1.1" 200 137605
INFO 2019-09-08 16:14:31,393 basehttp 154 "GET /news/banners/ HTTP/1.1" 200 863
INFO 2019-09-08 16:14:31,445 basehttp 154 "GET /media/python_function.jpg HTTP/1.1" 200 27960
INFO 2019-09-08 16:14:31,448 basehttp 154 "GET /media/python_web.jpg HTTP/1.1" 200 45717
INFO 2019-09-08 16:14:31,461 basehttp 154 "GET /media/python_advanced.jpg HTTP/1.1" 200 120059
INFO 2019-09-08 16:14:31,648 basehttp 154 "GET /news/?tag=0&page=1 HTTP/1.1" 200 6092
WARNING 2019-09-08 16:14:31,830 log 228 Not Found: /favicon.ico
WARNING 2019-09-08 16:14:31,833 basehttp 154 "GET /favicon.ico HTTP/1.1" 404 4261
INFO 2019-09-08 16:14:32,899 basehttp 154 "GET /users/login/ HTTP/1.1" 200 3946
INFO 2019-09-08 16:14:32,923 basehttp 154 "GET /static/js/users/login.js HTTP/1.1" 200 2143
INFO 2019-09-08 16:14:32,926 basehttp 154 "GET /static/css/users/auth.css HTTP/1.1" 200 3286
INFO 2019-09-08 16:14:34,799 basehttp 154 "POST /users/login/ HTTP/1.1" 200 78
INFO 2019-09-08 16:14:35,880 basehttp 154 "GET / HTTP/1.1" 200 11088
WARNING 2019-09-08 16:14:35,923 basehttp 154 "GET /static/images/wechat.jpg HTTP/1.1" 404 1675
INFO 2019-09-08 16:14:35,998 basehttp 154 "GET /news/banners/ HTTP/1.1" 200 863
INFO 2019-09-08 16:14:36,056 basehttp 154 "GET /news/?tag=0&page=1 HTTP/1.1" 200 6092
INFO 2019-09-08 16:14:37,479 basehttp 154 "GET /admin/ HTTP/1.1" 200 9626
INFO 2019-09-08 16:14:37,506 basehttp 154 "GET /static/css/myadmin/font-awesome.min.css HTTP/1.1" 200 31000
INFO 2019-09-08 16:14:37,514 basehttp 154 "GET /static/css/myadmin/skin-blue.min.css HTTP/1.1" 200 3156
INFO 2019-09-08 16:14:37,525 basehttp 154 "GET /static/css/myadmin/AdminLTE.min.css HTTP/1.1" 200 106538
INFO 2019-09-08 16:14:37,552 basehttp 154 "GET /static/js/myadmin/menu.js HTTP/1.1" 200 1982
INFO 2019-09-08 16:14:37,565 basehttp 154 "GET /static/js/myadmin/bootstrap.min.js HTTP/1.1" 200 39680
INFO 2019-09-08 16:14:37,562 basehttp 154 "GET /static/images/myadmin/user2-160x160.jpg HTTP/1.1" 200 7070
INFO 2019-09-08 16:14:37,563 basehttp 154 "GET /static/js/myadmin/adminlte.min.js HTTP/1.1" 200 13596
INFO 2019-09-08 16:14:37,558 basehttp 154 "GET /static/css/myadmin/bootstrap.min.css HTTP/1.1" 200 121457
INFO 2019-09-08 16:14:37,573 basehttp 154 "GET /static/js/myadmin/jquery.min.js HTTP/1.1" 200 88145
INFO 2019-09-08 16:14:37,681 basehttp 154 "GET /static/css/fonts/fontawesome-webfont.woff2?v=4.7.0 HTTP/1.1" 200 77160
INFO 2019-09-08 16:14:37,797 basehttp 154 "GET /admin/home/ HTTP/1.1" 200 293
INFO 2019-09-08 16:14:42,105 basehttp 154 "GET /admin/wait/ HTTP/1.1" 200 362
INFO 2019-09-08 16:14:43,036 basehttp 154 "GET /admin/menus/ HTTP/1.1" 200 6384
INFO 2019-09-08 16:14:44,550 basehttp 154 "GET /admin/menu/ HTTP/1.1" 200 3940
INFO 2019-09-08 16:14:44,562 basehttp 154 "GET /static/js/myadmin/menu/add_menu.js HTTP/1.1" 200 1464
INFO 2019-09-08 17:57:46,315 basehttp 154 "GET /admin/ HTTP/1.1" 200 9626
INFO 2019-09-08 17:57:46,357 basehttp 154 "GET /static/css/myadmin/font-awesome.min.css HTTP/1.1" 200 31000
INFO 2019-09-08 17:57:46,384 basehttp 154 "GET /static/css/myadmin/AdminLTE.min.css HTTP/1.1" 200 106538
INFO 2019-09-08 17:57:46,405 basehttp 154 "GET /static/js/myadmin/bootstrap.min.js HTTP/1.1" 200 39680
INFO 2019-09-08 17:57:46,410 basehttp 154 "GET /static/js/myadmin/jquery.min.js HTTP/1.1" 200 88145
INFO 2019-09-08 17:57:46,410 basehttp 154 "GET /static/js/myadmin/adminlte.min.js HTTP/1.1" 200 13596
INFO 2019-09-08 17:57:46,412 basehttp 154 "GET /static/css/myadmin/skin-blue.min.css HTTP/1.1" 200 3156
INFO 2019-09-08 17:57:46,398 basehttp 154 "GET /static/css/myadmin/bootstrap.min.css HTTP/1.1" 200 121457
INFO 2019-09-08 17:57:46,424 basehttp 154 "GET /static/images/myadmin/user2-160x160.jpg HTTP/1.1" 200 7070
INFO 2019-09-08 17:57:46,435 basehttp 154 "GET /static/js/myadmin/menu.js HTTP/1.1" 200 1981
INFO 2019-09-08 17:57:46,437 basehttp 154 "GET /static/js/base/message.js HTTP/1.1" 200 3570
INFO 2019-09-08 17:57:46,471 basehttp 154 "GET /static/css/fonts/fontawesome-webfont.woff2?v=4.7.0 HTTP/1.1" 200 77160
INFO 2019-09-08 17:57:46,545 basehttp 154 "GET /admin/home/ HTTP/1.1" 200 295
WARNING 2019-09-08 17:57:46,559 log 228 Not Found: /favicon.ico
WARNING 2019-09-08 17:57:46,565 basehttp 154 "GET /favicon.ico HTTP/1.1" 404 4261
INFO 2019-09-08 17:57:49,575 basehttp 154 "GET /admin/menus/ HTTP/1.1" 200 6451
INFO 2019-09-08 17:57:49,585 basehttp 154 "GET /static/js/myadmin/menu/menu_list.js HTTP/1.1" 200 2291
INFO 2019-09-08 18:28:09,188 basehttp 154 "GET /admin/menu/ HTTP/1.1" 200 3940
INFO 2019-09-08 18:28:09,196 basehttp 154 "GET /static/js/myadmin/menu/add_menu.js HTTP/1.1" 200 1464
INFO 2019-09-08 18:29:03,975 basehttp 154 "POST /admin/menu/ HTTP/1.1" 200 84
INFO 2019-09-08 18:29:04,358 basehttp 154 "GET /admin/menus/ HTTP/1.1" 200 7222
INFO 2019-09-08 18:32:51,077 basehttp 154 "DELETE /admin/menu/2/ HTTP/1.1" 200 108
INFO 2019-09-08 18:33:31,825 basehttp 154 "GET /admin/menu/ HTTP/1.1" 200 3986
INFO 2019-09-08 18:33:58,229 basehttp 154 "POST /admin/menu/ HTTP/1.1" 200 84
INFO 2019-09-08 18:33:58,596 basehttp 154 "GET /admin/menus/ HTTP/1.1" 200 7220
INFO 2019-09-08 19:42:36,300 basehttp 154 "GET /static/css/myadmin/skin-blue.min.css HTTP/1.1" 200 3156
INFO 2019-09-08 19:42:36,302 basehttp 154 "GET /static/css/myadmin/font-awesome.min.css HTTP/1.1" 200 31000
INFO 2019-09-08 19:42:36,321 basehttp 154 "GET /static/css/myadmin/AdminLTE.min.css HTTP/1.1" 200 106538
INFO 2019-09-08 19:42:36,340 basehttp 154 "GET /static/css/myadmin/bootstrap.min.css HTTP/1.1" 200 121457
WARNING 2019-09-08 19:42:36,408 basehttp 154 "GET /static/css/myadmin/bootstrap.min.css.map HTTP/1.1" 404 1723
INFO 2019-09-08 19:42:47,002 basehttp 154 "GET /admin/ HTTP/1.1" 200 9626
INFO 2019-09-08 19:42:47,047 basehttp 154 "GET /static/js/myadmin/menu.js HTTP/1.1" 304 0
WARNING 2019-09-08 19:42:47,196 basehttp 154 "GET /static/css/myadmin/bootstrap.min.css.map HTTP/1.1" 404 1723
INFO 2019-09-08 19:42:47,210 basehttp 154 "GET /admin/home/ HTTP/1.1" 200 295
INFO 2019-09-08 19:42:49,284 basehttp 154 "GET /admin/ HTTP/1.1" 200 9626
WARNING 2019-09-08 19:42:49,439 basehttp 154 "GET /static/css/myadmin/bootstrap.min.css.map HTTP/1.1" 404 1723
INFO 2019-09-08 19:42:49,465 basehttp 154 "GET /admin/home/ HTTP/1.1" 200 295
INFO 2019-09-08 19:42:50,794 basehttp 154 "GET /admin/ HTTP/1.1" 200 9626
INFO 2019-09-08 19:42:50,846 basehttp 154 "GET /static/css/myadmin/bootstrap.min.css HTTP/1.1" 200 121457
INFO 2019-09-08 19:42:50,873 basehttp 154 "GET /static/images/myadmin/user2-160x160.jpg HTTP/1.1" 200 7070
INFO 2019-09-08 19:42:50,886 basehttp 154 "GET /static/css/myadmin/AdminLTE.min.css HTTP/1.1" 200 106538
INFO 2019-09-08 19:42:50,894 basehttp 154 "GET /static/js/myadmin/jquery.min.js HTTP/1.1" 200 88145
INFO 2019-09-08 19:42:50,889 basehttp 154 "GET /static/css/myadmin/font-awesome.min.css HTTP/1.1" 200 31000
INFO 2019-09-08 19:42:50,937 basehttp 154 "GET /static/css/myadmin/skin-blue.min.css HTTP/1.1" 200 3156
INFO 2019-09-08 19:42:50,991 basehttp 154 "GET /static/js/myadmin/adminlte.min.js HTTP/1.1" 200 13596
INFO 2019-09-08 19:42:50,996 basehttp 154 "GET /static/js/base/message.js HTTP/1.1" 200 3570
INFO 2019-09-08 19:42:51,009 basehttp 154 "GET /static/js/myadmin/menu.js HTTP/1.1" 200 1981
INFO 2019-09-08 19:42:51,012 basehttp 154 "GET /static/js/myadmin/bootstrap.min.js HTTP/1.1" 200 39680
INFO 2019-09-08 19:42:51,036 basehttp 154 "GET /static/css/fonts/fontawesome-webfont.woff2?v=4.7.0 HTTP/1.1" 200 77160
WARNING 2019-09-08 19:42:51,093 basehttp 154 "GET /static/css/myadmin/bootstrap.min.css.map HTTP/1.1" 404 1723
WARNING 2019-09-08 19:42:51,172 log 228 Not Found: /favicon.ico
INFO 2019-09-08 19:42:51,172 basehttp 154 "GET /admin/home/ HTTP/1.1" 200 295
WARNING 2019-09-08 19:42:51,177 basehttp 154 "GET /favicon.ico HTTP/1.1" 404 4261
INFO 2019-09-08 19:42:54,728 basehttp 154 "GET /admin/menus/ HTTP/1.1" 200 7346
INFO 2019-09-08 19:43:16,111 basehttp 154 "GET /admin/menu/ HTTP/1.1" 200 3986
INFO 2019-09-08 19:43:16,122 basehttp 154 "GET /static/js/myadmin/menu/add_menu.js HTTP/1.1" 304 0
INFO 2019-09-08 19:43:21,791 basehttp 154 "GET /admin/ HTTP/1.1" 200 9626
WARNING 2019-09-08 19:43:21,952 basehttp 154 "GET /static/css/myadmin/bootstrap.min.css.map HTTP/1.1" 404 1723
INFO 2019-09-08 19:43:21,976 basehttp 154 "GET /admin/home/ HTTP/1.1" 200 295
INFO 2019-09-08 19:43:22,833 basehttp 154 "GET /admin/ HTTP/1.1" 200 9626
WARNING 2019-09-08 19:43:22,992 basehttp 154 "GET /static/css/myadmin/bootstrap.min.css.map HTTP/1.1" 404 1723
INFO 2019-09-08 19:43:23,017 basehttp 154 "GET /admin/home/ HTTP/1.1" 200 295
INFO 2019-09-08 19:43:23,423 basehttp 154 "GET /admin/ HTTP/1.1" 200 9626
WARNING 2019-09-08 19:43:23,554 basehttp 154 "GET /static/css/myadmin/bootstrap.min.css.map HTTP/1.1" 404 1723
INFO 2019-09-08 19:43:23,572 basehttp 154 "GET /admin/home/ HTTP/1.1" 200 295
INFO 2019-09-08 19:43:23,601 basehttp 154 "GET /admin/ HTTP/1.1" 200 9626
WARNING 2019-09-08 19:43:23,766 basehttp 154 "GET /static/css/myadmin/bootstrap.min.css.map HTTP/1.1" 404 1723
INFO 2019-09-08 19:43:23,792 basehttp 154 "GET /admin/home/ HTTP/1.1" 200 295
INFO 2019-09-08 19:43:23,871 basehttp 154 "GET /admin/ HTTP/1.1" 200 9626
WARNING 2019-09-08 19:43:24,012 basehttp 154 "GET /static/css/myadmin/bootstrap.min.css.map HTTP/1.1" 404 1723
INFO 2019-09-08 19:43:24,043 basehttp 154 "GET /admin/home/ HTTP/1.1" 200 295
INFO 2019-09-08 19:43:24,141 basehttp 154 "GET /admin/ HTTP/1.1" 200 9626
WARNING 2019-09-08 19:43:24,293 basehttp 154 "GET /static/css/myadmin/bootstrap.min.css.map HTTP/1.1" 404 1723
INFO 2019-09-08 19:43:24,328 basehttp 154 "GET /admin/home/ HTTP/1.1" 200 295
INFO 2019-09-08 19:43:32,222 basehttp 154 "GET /admin/ HTTP/1.1" 200 9626
WARNING 2019-09-08 19:43:32,402 basehttp 154 "GET /static/css/myadmin/bootstrap.min.css.map HTTP/1.1" 404 1723
INFO 2019-09-08 19:43:32,416 basehttp 154 "GET /admin/home/ HTTP/1.1" 200 295
INFO 2019-09-08 19:43:32,794 basehttp 154 "GET /admin/ HTTP/1.1" 200 9626
WARNING 2019-09-08 19:43:32,880 basehttp 154 "GET /static/css/myadmin/bootstrap.min.css.map HTTP/1.1" 404 1723
INFO 2019-09-08 19:43:32,931 basehttp 154 "GET /admin/home/ HTTP/1.1" 200 295
INFO 2019-09-08 19:43:33,016 basehttp 154 "GET /admin/ HTTP/1.1" 200 9626
WARNING 2019-09-08 19:43:33,165 basehttp 154 "GET /static/css/myadmin/bootstrap.min.css.map HTTP/1.1" 404 1723
INFO 2019-09-08 19:43:33,182 basehttp 154 "GET /admin/home/ HTTP/1.1" 200 295
INFO 2019-09-08 19:43:33,204 basehttp 154 "GET /admin/ HTTP/1.1" 200 9626
WARNING 2019-09-08 19:43:33,375 basehttp 154 "GET /static/css/myadmin/bootstrap.min.css.map HTTP/1.1" 404 1723
INFO 2019-09-08 19:43:33,387 basehttp 154 "GET /admin/home/ HTTP/1.1" 200 295
INFO 2019-09-08 19:43:35,647 basehttp 154 "GET /admin/menus/ HTTP/1.1" 200 7221
INFO 2019-09-08 19:43:37,737 basehttp 154 "GET /admin/menu/ HTTP/1.1" 200 3986
INFO 2019-09-08 19:43:42,315 basehttp 154 "GET /admin/ HTTP/1.1" 200 9626
INFO 2019-09-08 19:43:42,395 basehttp 154 "GET /static/css/myadmin/bootstrap.min.css HTTP/1.1" 200 121457
INFO 2019-09-08 19:43:42,425 basehttp 154 "GET /static/css/myadmin/font-awesome.min.css HTTP/1.1" 200 31000
INFO 2019-09-08 19:43:42,435 basehttp 154 "GET /static/css/myadmin/skin-blue.min.css HTTP/1.1" 200 3156
INFO 2019-09-08 19:43:42,484 basehttp 154 "GET /static/js/base/message.js HTTP/1.1" 200 3570
INFO 2019-09-08 19:43:42,497 basehttp 154 "GET /static/js/myadmin/menu.js HTTP/1.1" 200 1981
INFO 2019-09-08 19:43:42,502 basehttp 154 "GET /static/images/myadmin/user2-160x160.jpg HTTP/1.1" 200 7070
INFO 2019-09-08 19:43:42,492 basehttp 154 "GET /static/js/myadmin/adminlte.min.js HTTP/1.1" 200 13596
INFO 2019-09-08 19:43:42,512 basehttp 154 "GET /static/css/myadmin/AdminLTE.min.css HTTP/1.1" 200 106538
INFO 2019-09-08 19:43:42,506 basehttp 154 "GET /static/js/myadmin/bootstrap.min.js HTTP/1.1" 200 39680
INFO 2019-09-08 19:43:42,539 basehttp 154 "GET /static/js/myadmin/jquery.min.js HTTP/1.1" 200 88145
INFO 2019-09-08 19:43:42,552 basehttp 154 "GET /static/css/fonts/fontawesome-webfont.woff2?v=4.7.0 HTTP/1.1" 200 77160
WARNING 2019-09-08 19:43:42,592 basehttp 154 "GET /static/css/myadmin/bootstrap.min.css.map HTTP/1.1" 404 1723
INFO 2019-09-08 19:43:42,663 basehttp 154 "GET /admin/home/ HTTP/1.1" 200 295
WARNING 2019-09-08 19:43:42,673 log 228 Not Found: /favicon.ico
WARNING 2019-09-08 19:43:42,675 basehttp 154 "GET /favicon.ico HTTP/1.1" 404 4261
INFO 2019-09-08 19:43:48,778 basehttp 154 "GET /admin/menus/ HTTP/1.1" 200 7221
WARNING 2019-09-08 19:43:59,839 log 228 Forbidden (CSRF cookie not set.): /admin/menu/6/
WARNING 2019-09-08 19:43:59,840 basehttp 154 "DELETE /admin/menu/6/ HTTP/1.1" 403 2840
INFO 2019-09-08 19:56:34,546 basehttp 154 "GET /admin/menu/6/ HTTP/1.1" 200 4052
INFO 2019-09-08 19:56:34,564 basehttp 154 "GET /static/js/myadmin/menu/update_menu.js HTTP/1.1" 200 1327
ERROR 2019-09-08 20:10:08,060 log 228 Internal Server Error: /admin/menu/6/
Traceback (most recent call last):
  File "/home/pyvip/.virtualenvs/mysite/lib/python3.6/site-packages/django/core/handlers/exception.py", line 34, in inner
    response = get_response(request)
  File "/home/pyvip/.virtualenvs/mysite/lib/python3.6/site-packages/django/core/handlers/base.py", line 126, in _get_response
    response = self.process_exception_by_middleware(e, request)
  File "/home/pyvip/.virtualenvs/mysite/lib/python3.6/site-packages/django/core/handlers/base.py", line 124, in _get_response
    response = wrapped_callback(request, *callback_args, **callback_kwargs)
  File "/home/pyvip/.virtualenvs/mysite/lib/python3.6/site-packages/django/views/generic/base.py", line 68, in view
    return self.dispatch(request, *args, **kwargs)
  File "/home/pyvip/.virtualenvs/mysite/lib/python3.6/site-packages/django/views/generic/base.py", line 88, in dispatch
    return handler(request, *args, **kwargs)
  File "/home/pyvip/code/mysite/apps/myadmin/views.py", line 194, in put
    put_data = QueryDict(request.body)
NameError: name 'QueryDict' is not defined
ERROR 2019-09-08 20:10:08,066 basehttp 154 "PUT /admin/menu/6/ HTTP/1.1" 500 15330
INFO 2019-09-08 20:32:27,642 basehttp 154 "GET /admin/ HTTP/1.1" 200 9626
INFO 2019-09-08 20:32:27,691 basehttp 154 "GET /static/css/myadmin/bootstrap.min.css HTTP/1.1" 200 121457
INFO 2019-09-08 20:32:27,709 basehttp 154 "GET /static/css/myadmin/font-awesome.min.css HTTP/1.1" 200 31000
INFO 2019-09-08 20:32:27,758 basehttp 154 "GET /static/js/myadmin/adminlte.min.js HTTP/1.1" 200 13596
INFO 2019-09-08 20:32:27,786 basehttp 154 "GET /static/css/myadmin/skin-blue.min.css HTTP/1.1" 200 3156
INFO 2019-09-08 20:32:27,789 basehttp 154 "GET /static/images/myadmin/user2-160x160.jpg HTTP/1.1" 200 7070
INFO 2019-09-08 20:32:27,809 basehttp 154 "GET /static/js/base/message.js HTTP/1.1" 200 3570
INFO 2019-09-08 20:32:27,822 basehttp 154 "GET /static/js/myadmin/bootstrap.min.js HTTP/1.1" 200 39680
INFO 2019-09-08 20:32:27,818 basehttp 154 "GET /static/js/myadmin/menu.js HTTP/1.1" 200 1981
INFO 2019-09-08 20:32:27,801 basehttp 154 "GET /static/js/myadmin/jquery.min.js HTTP/1.1" 200 88145
INFO 2019-09-08 20:32:27,827 basehttp 154 "GET /static/css/myadmin/AdminLTE.min.css HTTP/1.1" 200 106538
INFO 2019-09-08 20:32:27,879 basehttp 154 "GET /static/css/fonts/fontawesome-webfont.woff2?v=4.7.0 HTTP/1.1" 200 77160
INFO 2019-09-08 20:32:27,981 basehttp 154 "GET /admin/home/ HTTP/1.1" 200 295
WARNING 2019-09-08 20:32:27,996 log 228 Not Found: /favicon.ico
WARNING 2019-09-08 20:32:27,997 basehttp 154 "GET /favicon.ico HTTP/1.1" 404 4261
INFO 2019-09-08 20:38:20,230 basehttp 154 "GET /admin/menus/ HTTP/1.1" 200 7392
INFO 2019-09-08 20:39:09,471 basehttp 154 "GET /admin/menu/3/ HTTP/1.1" 200 4055
INFO 2019-09-08 20:39:10,723 basehttp 154 "PUT /admin/menu/3/ HTTP/1.1" 200 84
INFO 2019-09-08 20:39:11,112 basehttp 154 "GET /admin/menus/ HTTP/1.1" 200 7392
INFO 2019-09-08 20:40:37,137 basehttp 154 "GET /admin/ HTTP/1.1" 200 9626
INFO 2019-09-08 20:40:37,178 basehttp 154 "GET /static/css/myadmin/bootstrap.min.css HTTP/1.1" 200 121457
INFO 2019-09-08 20:40:37,194 basehttp 154 "GET /static/css/myadmin/AdminLTE.min.css HTTP/1.1" 200 106538
INFO 2019-09-08 20:40:37,208 basehttp 154 "GET /static/css/myadmin/font-awesome.min.css HTTP/1.1" 200 31000
INFO 2019-09-08 20:40:37,223 basehttp 154 "GET /static/css/myadmin/skin-blue.min.css HTTP/1.1" 200 3156
INFO 2019-09-08 20:40:37,226 basehttp 154 "GET /static/images/myadmin/user2-160x160.jpg HTTP/1.1" 200 7070
INFO 2019-09-08 20:40:37,240 basehttp 154 "GET /static/js/myadmin/jquery.min.js HTTP/1.1" 200 88145
INFO 2019-09-08 20:40:37,254 basehttp 154 "GET /static/js/myadmin/bootstrap.min.js HTTP/1.1" 200 39680
INFO 2019-09-08 20:40:37,272 basehttp 154 "GET /static/js/myadmin/adminlte.min.js HTTP/1.1" 200 13596
INFO 2019-09-08 20:40:37,279 basehttp 154 "GET /static/js/base/message.js HTTP/1.1" 200 3570
INFO 2019-09-08 20:40:37,287 basehttp 154 "GET /static/js/myadmin/menu.js HTTP/1.1" 200 1981
INFO 2019-09-08 20:40:37,298 basehttp 154 "GET /static/css/fonts/fontawesome-webfont.woff2?v=4.7.0 HTTP/1.1" 200 77160
INFO 2019-09-08 20:40:37,377 basehttp 154 "GET /admin/home/ HTTP/1.1" 200 295
WARNING 2019-09-08 20:40:37,390 log 228 Not Found: /favicon.ico
WARNING 2019-09-08 20:40:37,392 basehttp 154 "GET /favicon.ico HTTP/1.1" 404 4261
INFO 2019-09-08 20:40:39,852 basehttp 154 "GET /admin/menus/ HTTP/1.1" 200 7392
INFO 2019-09-08 20:40:41,804 basehttp 154 "GET /admin/menu/3/ HTTP/1.1" 200 4055
INFO 2019-09-08 20:40:42,834 basehttp 154 "PUT /admin/menu/3/ HTTP/1.1" 200 84
INFO 2019-09-08 20:40:43,203 basehttp 154 "GET /admin/menus/ HTTP/1.1" 200 7392
INFO 2019-09-08 20:40:45,605 basehttp 154 "GET /admin/ HTTP/1.1" 200 9626
INFO 2019-09-08 20:40:45,636 basehttp 154 "GET /static/css/myadmin/bootstrap.min.css HTTP/1.1" 200 121457
INFO 2019-09-08 20:40:45,663 basehttp 154 "GET /static/css/myadmin/font-awesome.min.css HTTP/1.1" 200 31000
INFO 2019-09-08 20:40:45,679 basehttp 154 "GET /static/images/myadmin/user2-160x160.jpg HTTP/1.1" 200 7070
INFO 2019-09-08 20:40:45,689 basehttp 154 "GET /static/css/myadmin/skin-blue.min.css HTTP/1.1" 200 3156
INFO 2019-09-08 20:40:45,691 basehttp 154 "GET /static/css/myadmin/AdminLTE.min.css HTTP/1.1" 200 106538
INFO 2019-09-08 20:40:45,702 basehttp 154 "GET /static/js/myadmin/jquery.min.js HTTP/1.1" 200 88145
INFO 2019-09-08 20:40:45,725 basehttp 154 "GET /static/js/myadmin/adminlte.min.js HTTP/1.1" 200 13596
INFO 2019-09-08 20:40:45,730 basehttp 154 "GET /static/js/myadmin/bootstrap.min.js HTTP/1.1" 200 39680
INFO 2019-09-08 20:40:45,752 basehttp 154 "GET /static/js/base/message.js HTTP/1.1" 200 3570
INFO 2019-09-08 20:40:45,769 basehttp 154 "GET /static/js/myadmin/menu.js HTTP/1.1" 200 1981
INFO 2019-09-08 20:40:45,785 basehttp 154 "GET /static/css/fonts/fontawesome-webfont.woff2?v=4.7.0 HTTP/1.1" 200 77160
INFO 2019-09-08 20:40:45,855 basehttp 154 "GET /admin/home/ HTTP/1.1" 200 295
WARNING 2019-09-08 20:40:45,867 log 228 Not Found: /favicon.ico
WARNING 2019-09-08 20:40:45,868 basehttp 154 "GET /favicon.ico HTTP/1.1" 404 4261
INFO 2019-09-08 20:40:48,649 basehttp 154 "GET /admin/wait/ HTTP/1.1" 200 364
INFO 2019-09-08 20:40:49,998 basehttp 154 "GET /admin/menus/ HTTP/1.1" 200 7392
INFO 2019-09-08 20:40:50,984 basehttp 154 "GET /admin/menu/3/ HTTP/1.1" 200 4055
INFO 2019-09-08 20:40:51,990 basehttp 154 "PUT /admin/menu/3/ HTTP/1.1" 200 84
INFO 2019-09-08 20:40:52,359 basehttp 154 "GET /admin/menus/ HTTP/1.1" 200 7392
INFO 2019-09-08 20:40:59,740 basehttp 154 "GET /admin/menu/3/ HTTP/1.1" 200 4055
INFO 2019-09-08 20:41:05,569 basehttp 154 "PUT /admin/menu/3/ HTTP/1.1" 200 84
INFO 2019-09-08 20:41:05,924 basehttp 154 "GET /admin/menus/ HTTP/1.1" 200 7392
INFO 2019-09-08 20:41:55,264 basehttp 154 "GET /admin/menu/3/ HTTP/1.1" 200 4055
INFO 2019-09-08 20:41:57,827 basehttp 154 "PUT /admin/menu/3/ HTTP/1.1" 200 84
INFO 2019-09-08 20:41:58,194 basehttp 154 "GET /admin/menus/ HTTP/1.1" 200 7392
INFO 2019-09-08 20:43:49,810 basehttp 154 "GET /admin/menu/6/ HTTP/1.1" 200 4052
INFO 2019-09-08 20:43:54,020 basehttp 154 "PUT /admin/menu/6/ HTTP/1.1" 200 84
INFO 2019-09-08 20:43:54,412 basehttp 154 "GET /admin/menus/ HTTP/1.1" 200 7394
INFO 2019-09-08 20:44:10,663 basehttp 154 "GET /admin/ HTTP/1.1" 200 9626
INFO 2019-09-08 20:44:10,987 basehttp 154 "GET /admin/home/ HTTP/1.1" 200 295
WARNING 2019-09-08 20:44:11,024 log 228 Not Found: /favicon.ico
WARNING 2019-09-08 20:44:11,027 basehttp 154 "GET /favicon.ico HTTP/1.1" 404 4261
INFO 2019-09-08 20:44:13,278 basehttp 154 "GET /admin/menus/ HTTP/1.1" 200 7394
INFO 2019-09-08 20:44:14,902 basehttp 154 "GET /admin/menu/6/ HTTP/1.1" 200 4054
INFO 2019-09-08 20:49:33,797 basehttp 154 "PUT /admin/menu/6/ HTTP/1.1" 200 84
INFO 2019-09-08 20:49:34,370 basehttp 154 "GET /admin/menus/ HTTP/1.1" 200 7394
INFO 2019-09-08 20:49:54,750 basehttp 154 "GET /admin/ HTTP/1.1" 200 9626
INFO 2019-09-08 20:49:55,048 basehttp 154 "GET /admin/home/ HTTP/1.1" 200 295
INFO 2019-09-08 20:50:00,926 basehttp 154 "GET /admin/menus/ HTTP/1.1" 200 7394
INFO 2019-09-08 20:50:02,656 basehttp 154 "GET /admin/menu/6/ HTTP/1.1" 200 4054
INFO 2019-09-08 20:50:49,322 basehttp 154 "GET /admin/ HTTP/1.1" 200 9626
INFO 2019-09-08 20:50:49,640 basehttp 154 "GET /admin/home/ HTTP/1.1" 200 295
INFO 2019-09-08 20:50:51,543 basehttp 154 "GET /admin/menus/ HTTP/1.1" 200 7394
INFO 2019-09-08 20:50:54,619 basehttp 154 "GET /admin/menu/6/ HTTP/1.1" 200 4054
INFO 2019-09-09 01:54:06,824 basehttp 154 "GET /admin/ HTTP/1.1" 200 6138
INFO 2019-09-09 01:54:06,867 basehttp 154 "GET /static/js/myadmin/menu.js HTTP/1.1" 304 0
INFO 2019-09-09 01:54:08,307 basehttp 154 "GET /admin/ HTTP/1.1" 200 6138
INFO 2019-09-09 01:54:08,806 basehttp 154 "GET /admin/ HTTP/1.1" 200 6138
INFO 2019-09-09 01:54:08,982 basehttp 154 "GET /admin/ HTTP/1.1" 200 6138
INFO 2019-09-09 01:54:09,192 basehttp 154 "GET /admin/ HTTP/1.1" 200 6138
INFO 2019-09-09 01:55:45,325 basehttp 154 "GET /admin/ HTTP/1.1" 200 6151
INFO 2019-09-09 01:55:47,094 basehttp 154 "GET /users/logout/ HTTP/1.1" 302 0
INFO 2019-09-09 01:55:47,191 basehttp 154 "GET /users/login/ HTTP/1.1" 200 3946
INFO 2019-09-09 01:55:47,271 basehttp 154 "GET /static/js/users/login.js HTTP/1.1" 200 2143
INFO 2019-09-09 01:55:47,272 basehttp 154 "GET /static/js/base/common.js HTTP/1.1" 200 1198
INFO 2019-09-09 01:55:47,282 basehttp 154 "GET /static/css/users/auth.css HTTP/1.1" 200 3286
INFO 2019-09-09 01:55:52,462 basehttp 154 "POST /users/login/ HTTP/1.1" 200 93
INFO 2019-09-09 01:55:57,424 basehttp 154 "POST /users/login/ HTTP/1.1" 200 93
INFO 2019-09-09 01:56:01,031 basehttp 154 "POST /users/login/ HTTP/1.1" 200 93
INFO 2019-09-09 01:56:10,126 basehttp 154 "POST /users/login/ HTTP/1.1" 200 78
INFO 2019-09-09 01:56:11,249 basehttp 154 "GET /admin/ HTTP/1.1" 200 6151
INFO 2019-09-09 02:07:30,545 basehttp 154 "GET /admin/ HTTP/1.1" 200 9639
INFO 2019-09-09 02:07:30,697 basehttp 154 "GET /admin/home/ HTTP/1.1" 200 295
INFO 2019-09-09 02:07:36,339 basehttp 154 "GET /admin/menus/ HTTP/1.1" 200 7399
INFO 2019-09-09 02:07:39,635 basehttp 154 "GET /admin/menu/ HTTP/1.1" 200 3986
INFO 2019-09-09 02:07:39,665 basehttp 154 "GET /static/js/myadmin/menu/add_menu.js HTTP/1.1" 304 0
INFO 2019-09-09 02:08:27,393 basehttp 154 "POST /admin/menu/ HTTP/1.1" 200 84
INFO 2019-09-09 02:08:27,869 basehttp 154 "GET /admin/menus/ HTTP/1.1" 200 8201
INFO 2019-09-09 02:08:31,919 basehttp 154 "GET /admin/menu/ HTTP/1.1" 200 4029
INFO 2019-09-09 02:09:08,327 basehttp 154 "GET /admin/menu/5/ HTTP/1.1" 200 4107
INFO 2019-09-09 02:09:12,144 basehttp 154 "PUT /admin/menu/5/ HTTP/1.1" 200 84
INFO 2019-09-09 02:09:12,616 basehttp 154 "GET /admin/menus/ HTTP/1.1" 200 8201
INFO 2019-09-09 02:09:13,989 basehttp 154 "GET /admin/menu/7/ HTTP/1.1" 200 4104
INFO 2019-09-09 02:09:24,506 basehttp 154 "PUT /admin/menu/7/ HTTP/1.1" 200 84
INFO 2019-09-09 02:09:24,978 basehttp 154 "GET /admin/menus/ HTTP/1.1" 200 8201
INFO 2019-09-09 02:09:28,734 basehttp 154 "GET /admin/menu/ HTTP/1.1" 200 4029
INFO 2019-09-09 02:09:55,051 basehttp 154 "POST /admin/menu/ HTTP/1.1" 200 84
INFO 2019-09-09 02:09:55,537 basehttp 154 "GET /admin/menus/ HTTP/1.1" 200 8993
INFO 2019-09-09 02:10:14,057 basehttp 154 "GET /admin/menu/ HTTP/1.1" 200 4069
INFO 2019-09-09 02:10:45,926 basehttp 154 "POST /admin/menu/ HTTP/1.1" 200 84
INFO 2019-09-09 02:10:46,410 basehttp 154 "GET /admin/menus/ HTTP/1.1" 200 9790
ERROR 2019-09-09 02:12:00,295 log 228 Internal Server Error: /admin/
Traceback (most recent call last):
  File "/home/pyvip/.virtualenvs/mysite/lib/python3.6/site-packages/django/core/handlers/exception.py", line 34, in inner
    response = get_response(request)
  File "/home/pyvip/.virtualenvs/mysite/lib/python3.6/site-packages/django/core/handlers/base.py", line 126, in _get_response
    response = self.process_exception_by_middleware(e, request)
  File "/home/pyvip/.virtualenvs/mysite/lib/python3.6/site-packages/django/core/handlers/base.py", line 124, in _get_response
    response = wrapped_callback(request, *callback_args, **callback_kwargs)
  File "/home/pyvip/.virtualenvs/mysite/lib/python3.6/site-packages/django/views/generic/base.py", line 68, in view
    return self.dispatch(request, *args, **kwargs)
  File "/home/pyvip/.virtualenvs/mysite/lib/python3.6/site-packages/django/views/generic/base.py", line 88, in dispatch
    return handler(request, *args, **kwargs)
  File "/home/pyvip/code/mysite/apps/myadmin/views.py", line 132, in get
    return render(request, 'myadmin/index.html', context={'menus': menus})
  File "/home/pyvip/.virtualenvs/mysite/lib/python3.6/site-packages/django/shortcuts.py", line 36, in render
    content = loader.render_to_string(template_name, context, request, using=using)
  File "/home/pyvip/.virtualenvs/mysite/lib/python3.6/site-packages/django/template/loader.py", line 62, in render_to_string
    return template.render(context, request)
  File "/home/pyvip/.virtualenvs/mysite/lib/python3.6/site-packages/django/template/backends/django.py", line 61, in render
    return self.template.render(context)
  File "/home/pyvip/.virtualenvs/mysite/lib/python3.6/site-packages/django/template/base.py", line 171, in render
    return self._render(context)
  File "/home/pyvip/.virtualenvs/mysite/lib/python3.6/site-packages/django/template/base.py", line 163, in _render
    return self.nodelist.render(context)
  File "/home/pyvip/.virtualenvs/mysite/lib/python3.6/site-packages/django/template/base.py", line 937, in render
    bit = node.render_annotated(context)
  File "/home/pyvip/.virtualenvs/mysite/lib/python3.6/site-packages/django/template/base.py", line 904, in render_annotated
    return self.render(context)
  File "/home/pyvip/.virtualenvs/mysite/lib/python3.6/site-packages/django/template/defaulttags.py", line 209, in render
    nodelist.append(node.render_annotated(context))
  File "/home/pyvip/.virtualenvs/mysite/lib/python3.6/site-packages/django/template/base.py", line 904, in render_annotated
    return self.render(context)
  File "/home/pyvip/.virtualenvs/mysite/lib/python3.6/site-packages/django/template/defaulttags.py", line 309, in render
    return nodelist.render(context)
  File "/home/pyvip/.virtualenvs/mysite/lib/python3.6/site-packages/django/template/base.py", line 937, in render
    bit = node.render_annotated(context)
  File "/home/pyvip/.virtualenvs/mysite/lib/python3.6/site-packages/django/template/base.py", line 904, in render_annotated
    return self.render(context)
  File "/home/pyvip/.virtualenvs/mysite/lib/python3.6/site-packages/django/template/defaulttags.py", line 209, in render
    nodelist.append(node.render_annotated(context))
  File "/home/pyvip/.virtualenvs/mysite/lib/python3.6/site-packages/django/template/base.py", line 904, in render_annotated
    return self.render(context)
  File "/home/pyvip/.virtualenvs/mysite/lib/python3.6/site-packages/django/template/defaulttags.py", line 442, in render
    url = reverse(view_name, args=args, kwargs=kwargs, current_app=current_app)
  File "/home/pyvip/.virtualenvs/mysite/lib/python3.6/site-packages/django/urls/base.py", line 90, in reverse
    return iri_to_uri(resolver._reverse_with_prefix(view, prefix, *args, **kwargs))
  File "/home/pyvip/.virtualenvs/mysite/lib/python3.6/site-packages/django/urls/resolvers.py", line 622, in _reverse_with_prefix
    raise NoReverseMatch(msg)
django.urls.exceptions.NoReverseMatch: Reverse for 'myadmin.wait' not found. 'myadmin.wait' is not a valid view function or pattern name.
ERROR 2019-09-09 02:12:00,325 basehttp 154 "GET /admin/ HTTP/1.1" 500 191794
INFO 2019-09-09 02:12:31,942 basehttp 154 "GET /admin/ HTTP/1.1" 200 8125
INFO 2019-09-09 02:12:32,110 basehttp 154 "GET /admin/wait/ HTTP/1.1" 200 364
INFO 2019-09-09 02:12:35,934 basehttp 154 "GET /admin/home/ HTTP/1.1" 200 295
INFO 2019-09-09 02:12:41,123 basehttp 154 "GET /admin/menus/ HTTP/1.1" 200 9790
INFO 2019-09-09 02:12:48,213 basehttp 154 "GET /admin/menu/7/ HTTP/1.1" 200 4144
INFO 2019-09-09 02:12:51,909 basehttp 154 "PUT /admin/menu/7/ HTTP/1.1" 200 84
INFO 2019-09-09 02:12:52,430 basehttp 154 "GET /admin/menus/ HTTP/1.1" 200 9790
INFO 2019-09-09 02:12:55,830 basehttp 154 "GET /admin/ HTTP/1.1" 200 8125
INFO 2019-09-09 02:12:55,938 basehttp 154 "GET /admin/home/ HTTP/1.1" 200 295
INFO 2019-09-09 02:12:59,563 basehttp 154 "GET /admin/menus/ HTTP/1.1" 200 9790
INFO 2019-09-09 02:13:01,230 basehttp 154 "GET /admin/wait/ HTTP/1.1" 200 364
INFO 2019-09-09 02:13:04,425 basehttp 154 "GET /admin/menus/ HTTP/1.1" 200 9790
INFO 2019-09-09 02:17:25,020 basehttp 154 "GET /admin/ HTTP/1.1" 200 8125
INFO 2019-09-09 02:17:25,141 basehttp 154 "GET /admin/home/ HTTP/1.1" 200 295
INFO 2019-09-09 02:17:30,230 basehttp 154 "GET /admin/menus/ HTTP/1.1" 200 9790
